0 info it worked if it ends with ok
1 verbose cli [ 'node',
1 verbose cli   '/usr/local/bin/npm',
1 verbose cli   'install',
1 verbose cli   'https://github.com/sambou/restful-resources-js#0.0.0' ]
2 info using npm@1.4.28
3 info using node@v0.10.32
4 verbose readDependencies using package.json deps
5 verbose cache add [ 'https://github.com/sambou/restful-resources-js#0.0.0', null ]
6 verbose cache add name=undefined spec="https://github.com/sambou/restful-resources-js#0.0.0" args=["https://github.com/sambou/restful-resources-js#0.0.0",null]
7 verbose parsed url { protocol: 'https:',
7 verbose parsed url   slashes: true,
7 verbose parsed url   auth: null,
7 verbose parsed url   host: 'github.com',
7 verbose parsed url   port: null,
7 verbose parsed url   hostname: 'github.com',
7 verbose parsed url   hash: '#0.0.0',
7 verbose parsed url   search: null,
7 verbose parsed url   query: null,
7 verbose parsed url   pathname: '/sambou/restful-resources-js',
7 verbose parsed url   path: '/sambou/restful-resources-js',
7 verbose parsed url   href: 'https://github.com/sambou/restful-resources-js#0.0.0' }
8 silly lockFile 0d201932-ambou-restful-resources-js-0-0-0 https://github.com/sambou/restful-resources-js#0.0.0
9 verbose lock https://github.com/sambou/restful-resources-js#0.0.0 /Users/sami/.npm/0d201932-ambou-restful-resources-js-0-0-0.lock
10 verbose addRemoteTarball [ 'https://github.com/sambou/restful-resources-js#0.0.0', null ]
11 info retry fetch attempt 1 at 11:10:29
12 verbose fetch to= /var/folders/6q/zf1gcpgs2137wndbhnwxc2m80000gp/T/npm-20665-IpkkY24g/github.com/sambou/restful-resources-js
13 http GET https://github.com/sambou/restful-resources-js#0.0.0
14 http 200 https://github.com/sambou/restful-resources-js#0.0.0
15 verbose tar unpack /var/folders/6q/zf1gcpgs2137wndbhnwxc2m80000gp/T/npm-20665-IpkkY24g/github.com/sambou/restful-resources-js
16 silly lockFile c80f3086-mbou-restful-resources-js-unpack tar:///var/folders/6q/zf1gcpgs2137wndbhnwxc2m80000gp/T/npm-20665-IpkkY24g/github.com/sambou/restful-resources-js-unpack
17 verbose lock tar:///var/folders/6q/zf1gcpgs2137wndbhnwxc2m80000gp/T/npm-20665-IpkkY24g/github.com/sambou/restful-resources-js-unpack /Users/sami/.npm/c80f3086-mbou-restful-resources-js-unpack.lock
18 silly lockFile 292a1345--com-sambou-restful-resources-js tar:///var/folders/6q/zf1gcpgs2137wndbhnwxc2m80000gp/T/npm-20665-IpkkY24g/github.com/sambou/restful-resources-js
19 verbose lock tar:///var/folders/6q/zf1gcpgs2137wndbhnwxc2m80000gp/T/npm-20665-IpkkY24g/github.com/sambou/restful-resources-js /Users/sami/.npm/292a1345--com-sambou-restful-resources-js.lock
20 silly gunzTarPerm modes [ '755', '644' ]
21 error not a package /var/folders/6q/zf1gcpgs2137wndbhnwxc2m80000gp/T/npm-20665-IpkkY24g/github.com/sambou/restful-resources-js
22 silly lockFile c80f3086-mbou-restful-resources-js-unpack tar:///var/folders/6q/zf1gcpgs2137wndbhnwxc2m80000gp/T/npm-20665-IpkkY24g/github.com/sambou/restful-resources-js-unpack
23 silly lockFile c80f3086-mbou-restful-resources-js-unpack tar:///var/folders/6q/zf1gcpgs2137wndbhnwxc2m80000gp/T/npm-20665-IpkkY24g/github.com/sambou/restful-resources-js-unpack
24 silly lockFile 292a1345--com-sambou-restful-resources-js tar:///var/folders/6q/zf1gcpgs2137wndbhnwxc2m80000gp/T/npm-20665-IpkkY24g/github.com/sambou/restful-resources-js
25 silly lockFile 292a1345--com-sambou-restful-resources-js tar:///var/folders/6q/zf1gcpgs2137wndbhnwxc2m80000gp/T/npm-20665-IpkkY24g/github.com/sambou/restful-resources-js
26 silly lockFile 0d201932-ambou-restful-resources-js-0-0-0 https://github.com/sambou/restful-resources-js#0.0.0
27 silly lockFile 0d201932-ambou-restful-resources-js-0-0-0 https://github.com/sambou/restful-resources-js#0.0.0
28 error Error: ENOENT, open '/var/folders/6q/zf1gcpgs2137wndbhnwxc2m80000gp/T/npm-20665-IpkkY24g/github.com/sambou/restful-resources-js-unpack/package.json'
29 error If you need help, you may report this *entire* log,
29 error including the npm and node versions, at:
29 error     <http://github.com/npm/npm/issues>
30 error System Darwin 14.1.0
31 error command "node" "/usr/local/bin/npm" "install" "https://github.com/sambou/restful-resources-js#0.0.0"
32 error cwd /Users/sami/workspace/restful-resources-js
33 error node -v v0.10.32
34 error npm -v 1.4.28
35 error path /var/folders/6q/zf1gcpgs2137wndbhnwxc2m80000gp/T/npm-20665-IpkkY24g/github.com/sambou/restful-resources-js-unpack/package.json
36 error code ENOENT
37 error errno 34
38 verbose exit [ 34, true ]
